F:\Code\Weekdays\Project_7AM_MWF\WebApp\Client\app\app.component.js
F:\Code\Weekdays\Project_7AM_MWF\WebApp\Client\app\app.component.js.map
F:\Code\Weekdays\Project_7AM_MWF\WebApp\Client\app\app.module.js
F:\Code\Weekdays\Project_7AM_MWF\WebApp\Client\app\app.module.js.map
F:\Code\Weekdays\Project_7AM_MWF\WebApp\Client\main.js
F:\Code\Weekdays\Project_7AM_MWF\WebApp\Client\main.js.map
F:\Code\Weekdays\Project_7AM_MWF\WebApp\Client\app\app.component.js
F:\Code\Weekdays\Project_7AM_MWF\WebApp\Client\app\app.component.js.map
F:\Code\Weekdays\Project_7AM_MWF\WebApp\Client\app\app.module.js
F:\Code\Weekdays\Project_7AM_MWF\WebApp\Client\app\app.module.js.map
F:\Code\Weekdays\Project_7AM_MWF\WebApp\Client\main.js
F:\Code\Weekdays\Project_7AM_MWF\WebApp\Client\main.js.map
F:\Code\Weekdays\Project_7AM_MWF\WebApp\Client\app\app.component.js
F:\Code\Weekdays\Project_7AM_MWF\WebApp\Client\app\app.component.js.map
F:\Code\Weekdays\Project_7AM_MWF\WebApp\Client\app\app.module.js
F:\Code\Weekdays\Project_7AM_MWF\WebApp\Client\app\app.module.js.map
F:\Code\Weekdays\Project_7AM_MWF\WebApp\Client\main.js
F:\Code\Weekdays\Project_7AM_MWF\WebApp\Client\main.js.map
F:\Code\Weekdays\Project_7AM_MWF\WebApp\Client\app\app.component.js
F:\Code\Weekdays\Project_7AM_MWF\WebApp\Client\app\app.component.js.map
F:\Code\Weekdays\Project_7AM_MWF\WebApp\Client\app\store\store.component.js
F:\Code\Weekdays\Project_7AM_MWF\WebApp\Client\app\store\store.component.js.map
F:\Code\Weekdays\Project_7AM_MWF\WebApp\Client\app\cart\cart.component.js
F:\Code\Weekdays\Project_7AM_MWF\WebApp\Client\app\cart\cart.component.js.map
F:\Code\Weekdays\Project_7AM_MWF\WebApp\Client\app\app.routing.js
F:\Code\Weekdays\Project_7AM_MWF\WebApp\Client\app\app.routing.js.map
F:\Code\Weekdays\Project_7AM_MWF\WebApp\Client\app\app.module.js
F:\Code\Weekdays\Project_7AM_MWF\WebApp\Client\app\app.module.js.map
F:\Code\Weekdays\Project_7AM_MWF\WebApp\Client\main.js
F:\Code\Weekdays\Project_7AM_MWF\WebApp\Client\main.js.map
F:\Code\Weekdays\Project_7AM_MWF\WebApp\Client\app\menu\menu.component.js
F:\Code\Weekdays\Project_7AM_MWF\WebApp\Client\app\menu\menu.component.js.map
F:\Code\Weekdays\Project_7AM_MWF\WebApp\Client\app\app.component.js
F:\Code\Weekdays\Project_7AM_MWF\WebApp\Client\app\app.component.js.map
F:\Code\Weekdays\Project_7AM_MWF\WebApp\Client\app\store\store.component.js
F:\Code\Weekdays\Project_7AM_MWF\WebApp\Client\app\store\store.component.js.map
F:\Code\Weekdays\Project_7AM_MWF\WebApp\Client\app\cart\cart.component.js
F:\Code\Weekdays\Project_7AM_MWF\WebApp\Client\app\cart\cart.component.js.map
F:\Code\Weekdays\Project_7AM_MWF\WebApp\Client\app\app.routing.js
F:\Code\Weekdays\Project_7AM_MWF\WebApp\Client\app\app.routing.js.map
F:\Code\Weekdays\Project_7AM_MWF\WebApp\Client\app\menu\menu.component.js
F:\Code\Weekdays\Project_7AM_MWF\WebApp\Client\app\menu\menu.component.js.map
F:\Code\Weekdays\Project_7AM_MWF\WebApp\Client\app\app.module.js
F:\Code\Weekdays\Project_7AM_MWF\WebApp\Client\app\app.module.js.map
F:\Code\Weekdays\Project_7AM_MWF\WebApp\Client\main.js
F:\Code\Weekdays\Project_7AM_MWF\WebApp\Client\main.js.map
F:\Code\Weekdays\Project_7AM_MWF\WebApp\Client\app\app.component.js
F:\Code\Weekdays\Project_7AM_MWF\WebApp\Client\app\app.component.js.map
F:\Code\Weekdays\Project_7AM_MWF\WebApp\Client\app\store\store.component.js
F:\Code\Weekdays\Project_7AM_MWF\WebApp\Client\app\store\store.component.js.map
F:\Code\Weekdays\Project_7AM_MWF\WebApp\Client\app\cart\cart.component.js
F:\Code\Weekdays\Project_7AM_MWF\WebApp\Client\app\cart\cart.component.js.map
F:\Code\Weekdays\Project_7AM_MWF\WebApp\Client\app\app.routing.js
F:\Code\Weekdays\Project_7AM_MWF\WebApp\Client\app\app.routing.js.map
F:\Code\Weekdays\Project_7AM_MWF\WebApp\Client\app\menu\menu.component.js
F:\Code\Weekdays\Project_7AM_MWF\WebApp\Client\app\menu\menu.component.js.map
F:\Code\Weekdays\Project_7AM_MWF\WebApp\Client\app\app.module.js
F:\Code\Weekdays\Project_7AM_MWF\WebApp\Client\app\app.module.js.map
F:\Code\Weekdays\Project_7AM_MWF\WebApp\Client\main.js
F:\Code\Weekdays\Project_7AM_MWF\WebApp\Client\main.js.map
F:\Code\Weekdays\Project_7AM_MWF\WebApp\Client\app\app.component.js
F:\Code\Weekdays\Project_7AM_MWF\WebApp\Client\app\app.component.js.map
F:\Code\Weekdays\Project_7AM_MWF\WebApp\Client\app\services\globalconfig.js
F:\Code\Weekdays\Project_7AM_MWF\WebApp\Client\app\services\globalconfig.js.map
F:\Code\Weekdays\Project_7AM_MWF\WebApp\Client\app\models\product.js
F:\Code\Weekdays\Project_7AM_MWF\WebApp\Client\app\models\product.js.map
F:\Code\Weekdays\Project_7AM_MWF\WebApp\Client\app\services\store.js
F:\Code\Weekdays\Project_7AM_MWF\WebApp\Client\app\services\store.js.map
F:\Code\Weekdays\Project_7AM_MWF\WebApp\Client\app\models\cartItem.js
F:\Code\Weekdays\Project_7AM_MWF\WebApp\Client\app\models\cartItem.js.map
F:\Code\Weekdays\Project_7AM_MWF\WebApp\Client\app\models\cart.js
F:\Code\Weekdays\Project_7AM_MWF\WebApp\Client\app\models\cart.js.map
F:\Code\Weekdays\Project_7AM_MWF\WebApp\Client\app\store\store.component.js
F:\Code\Weekdays\Project_7AM_MWF\WebApp\Client\app\store\store.component.js.map
F:\Code\Weekdays\Project_7AM_MWF\WebApp\Client\app\cart\cart.component.js
F:\Code\Weekdays\Project_7AM_MWF\WebApp\Client\app\cart\cart.component.js.map
F:\Code\Weekdays\Project_7AM_MWF\WebApp\Client\app\app.routing.js
F:\Code\Weekdays\Project_7AM_MWF\WebApp\Client\app\app.routing.js.map
F:\Code\Weekdays\Project_7AM_MWF\WebApp\Client\app\menu\menu.component.js
F:\Code\Weekdays\Project_7AM_MWF\WebApp\Client\app\menu\menu.component.js.map
F:\Code\Weekdays\Project_7AM_MWF\WebApp\Client\app\app.module.js
F:\Code\Weekdays\Project_7AM_MWF\WebApp\Client\app\app.module.js.map
F:\Code\Weekdays\Project_7AM_MWF\WebApp\Client\main.js
F:\Code\Weekdays\Project_7AM_MWF\WebApp\Client\main.js.map
F:\Code\Weekdays\Project_7AM_MWF\WebApp\Client\app\app.component.js
F:\Code\Weekdays\Project_7AM_MWF\WebApp\Client\app\app.component.js.map
F:\Code\Weekdays\Project_7AM_MWF\WebApp\Client\app\services\globalconfig.js
F:\Code\Weekdays\Project_7AM_MWF\WebApp\Client\app\services\globalconfig.js.map
F:\Code\Weekdays\Project_7AM_MWF\WebApp\Client\app\models\product.js
F:\Code\Weekdays\Project_7AM_MWF\WebApp\Client\app\models\product.js.map
F:\Code\Weekdays\Project_7AM_MWF\WebApp\Client\app\services\store.js
F:\Code\Weekdays\Project_7AM_MWF\WebApp\Client\app\services\store.js.map
F:\Code\Weekdays\Project_7AM_MWF\WebApp\Client\app\models\cartItem.js
F:\Code\Weekdays\Project_7AM_MWF\WebApp\Client\app\models\cartItem.js.map
F:\Code\Weekdays\Project_7AM_MWF\WebApp\Client\app\models\cart.js
F:\Code\Weekdays\Project_7AM_MWF\WebApp\Client\app\models\cart.js.map
F:\Code\Weekdays\Project_7AM_MWF\WebApp\Client\app\store\store.component.js
F:\Code\Weekdays\Project_7AM_MWF\WebApp\Client\app\store\store.component.js.map
F:\Code\Weekdays\Project_7AM_MWF\WebApp\Client\app\cart\cart.component.js
F:\Code\Weekdays\Project_7AM_MWF\WebApp\Client\app\cart\cart.component.js.map
F:\Code\Weekdays\Project_7AM_MWF\WebApp\Client\app\app.routing.js
F:\Code\Weekdays\Project_7AM_MWF\WebApp\Client\app\app.routing.js.map
F:\Code\Weekdays\Project_7AM_MWF\WebApp\Client\app\menu\menu.component.js
F:\Code\Weekdays\Project_7AM_MWF\WebApp\Client\app\menu\menu.component.js.map
F:\Code\Weekdays\Project_7AM_MWF\WebApp\Client\app\app.module.js
F:\Code\Weekdays\Project_7AM_MWF\WebApp\Client\app\app.module.js.map
F:\Code\Weekdays\Project_7AM_MWF\WebApp\Client\main.js
F:\Code\Weekdays\Project_7AM_MWF\WebApp\Client\main.js.map
F:\Code\Weekdays\Project_7AM_MWF\WebApp\Client\app\app.component.js
F:\Code\Weekdays\Project_7AM_MWF\WebApp\Client\app\app.component.js.map
F:\Code\Weekdays\Project_7AM_MWF\WebApp\Client\app\services\globalconfig.js
F:\Code\Weekdays\Project_7AM_MWF\WebApp\Client\app\services\globalconfig.js.map
F:\Code\Weekdays\Project_7AM_MWF\WebApp\Client\app\models\product.js
F:\Code\Weekdays\Project_7AM_MWF\WebApp\Client\app\models\product.js.map
F:\Code\Weekdays\Project_7AM_MWF\WebApp\Client\app\services\store.js
F:\Code\Weekdays\Project_7AM_MWF\WebApp\Client\app\services\store.js.map
F:\Code\Weekdays\Project_7AM_MWF\WebApp\Client\app\models\cartItem.js
F:\Code\Weekdays\Project_7AM_MWF\WebApp\Client\app\models\cartItem.js.map
F:\Code\Weekdays\Project_7AM_MWF\WebApp\Client\app\models\cart.js
F:\Code\Weekdays\Project_7AM_MWF\WebApp\Client\app\models\cart.js.map
F:\Code\Weekdays\Project_7AM_MWF\WebApp\Client\app\store\store.component.js
F:\Code\Weekdays\Project_7AM_MWF\WebApp\Client\app\store\store.component.js.map
F:\Code\Weekdays\Project_7AM_MWF\WebApp\Client\app\cart\cart.component.js
F:\Code\Weekdays\Project_7AM_MWF\WebApp\Client\app\cart\cart.component.js.map
F:\Code\Weekdays\Project_7AM_MWF\WebApp\Client\app\app.routing.js
F:\Code\Weekdays\Project_7AM_MWF\WebApp\Client\app\app.routing.js.map
F:\Code\Weekdays\Project_7AM_MWF\WebApp\Client\app\menu\menu.component.js
F:\Code\Weekdays\Project_7AM_MWF\WebApp\Client\app\menu\menu.component.js.map
F:\Code\Weekdays\Project_7AM_MWF\WebApp\Client\app\app.module.js
F:\Code\Weekdays\Project_7AM_MWF\WebApp\Client\app\app.module.js.map
F:\Code\Weekdays\Project_7AM_MWF\WebApp\Client\main.js
F:\Code\Weekdays\Project_7AM_MWF\WebApp\Client\main.js.map
F:\Code\Weekdays\Project_7AM_MWF\WebApp\Client\app\app.component.js
F:\Code\Weekdays\Project_7AM_MWF\WebApp\Client\app\app.component.js.map
F:\Code\Weekdays\Project_7AM_MWF\WebApp\Client\app\services\globalconfig.js
F:\Code\Weekdays\Project_7AM_MWF\WebApp\Client\app\services\globalconfig.js.map
F:\Code\Weekdays\Project_7AM_MWF\WebApp\Client\app\models\product.js
F:\Code\Weekdays\Project_7AM_MWF\WebApp\Client\app\models\product.js.map
F:\Code\Weekdays\Project_7AM_MWF\WebApp\Client\app\services\store.js
F:\Code\Weekdays\Project_7AM_MWF\WebApp\Client\app\services\store.js.map
F:\Code\Weekdays\Project_7AM_MWF\WebApp\Client\app\models\cartItem.js
F:\Code\Weekdays\Project_7AM_MWF\WebApp\Client\app\models\cartItem.js.map
F:\Code\Weekdays\Project_7AM_MWF\WebApp\Client\app\models\cart.js
F:\Code\Weekdays\Project_7AM_MWF\WebApp\Client\app\models\cart.js.map
F:\Code\Weekdays\Project_7AM_MWF\WebApp\Client\app\store\store.component.js
F:\Code\Weekdays\Project_7AM_MWF\WebApp\Client\app\store\store.component.js.map
F:\Code\Weekdays\Project_7AM_MWF\WebApp\Client\app\cart\cart.component.js
F:\Code\Weekdays\Project_7AM_MWF\WebApp\Client\app\cart\cart.component.js.map
F:\Code\Weekdays\Project_7AM_MWF\WebApp\Client\app\app.routing.js
F:\Code\Weekdays\Project_7AM_MWF\WebApp\Client\app\app.routing.js.map
F:\Code\Weekdays\Project_7AM_MWF\WebApp\Client\app\menu\menu.component.js
F:\Code\Weekdays\Project_7AM_MWF\WebApp\Client\app\menu\menu.component.js.map
F:\Code\Weekdays\Project_7AM_MWF\WebApp\Client\app\app.module.js
F:\Code\Weekdays\Project_7AM_MWF\WebApp\Client\app\app.module.js.map
F:\Code\Weekdays\Project_7AM_MWF\WebApp\Client\main.js
F:\Code\Weekdays\Project_7AM_MWF\WebApp\Client\main.js.map
F:\Code\Weekdays\Project_7AM_MWF\WebApp\Client\app\app.component.js
F:\Code\Weekdays\Project_7AM_MWF\WebApp\Client\app\app.component.js.map
F:\Code\Weekdays\Project_7AM_MWF\WebApp\Client\app\services\globalconfig.js
F:\Code\Weekdays\Project_7AM_MWF\WebApp\Client\app\services\globalconfig.js.map
F:\Code\Weekdays\Project_7AM_MWF\WebApp\Client\app\models\product.js
F:\Code\Weekdays\Project_7AM_MWF\WebApp\Client\app\models\product.js.map
F:\Code\Weekdays\Project_7AM_MWF\WebApp\Client\app\services\store.js
F:\Code\Weekdays\Project_7AM_MWF\WebApp\Client\app\services\store.js.map
F:\Code\Weekdays\Project_7AM_MWF\WebApp\Client\app\models\cartItem.js
F:\Code\Weekdays\Project_7AM_MWF\WebApp\Client\app\models\cartItem.js.map
F:\Code\Weekdays\Project_7AM_MWF\WebApp\Client\app\models\cart.js
F:\Code\Weekdays\Project_7AM_MWF\WebApp\Client\app\models\cart.js.map
F:\Code\Weekdays\Project_7AM_MWF\WebApp\Client\app\store\store.component.js
F:\Code\Weekdays\Project_7AM_MWF\WebApp\Client\app\store\store.component.js.map
F:\Code\Weekdays\Project_7AM_MWF\WebApp\Client\app\cart\cart.component.js
F:\Code\Weekdays\Project_7AM_MWF\WebApp\Client\app\cart\cart.component.js.map
F:\Code\Weekdays\Project_7AM_MWF\WebApp\Client\app\app.routing.js
F:\Code\Weekdays\Project_7AM_MWF\WebApp\Client\app\app.routing.js.map
F:\Code\Weekdays\Project_7AM_MWF\WebApp\Client\app\menu\menu.component.js
F:\Code\Weekdays\Project_7AM_MWF\WebApp\Client\app\menu\menu.component.js.map
F:\Code\Weekdays\Project_7AM_MWF\WebApp\Client\app\app.module.js
F:\Code\Weekdays\Project_7AM_MWF\WebApp\Client\app\app.module.js.map
F:\Code\Weekdays\Project_7AM_MWF\WebApp\Client\main.js
F:\Code\Weekdays\Project_7AM_MWF\WebApp\Client\main.js.map
F:\Code\Weekdays\Project_7AM_MWF\WebApp\Client\app\app.component.js
F:\Code\Weekdays\Project_7AM_MWF\WebApp\Client\app\app.component.js.map
F:\Code\Weekdays\Project_7AM_MWF\WebApp\Client\app\services\globalconfig.js
F:\Code\Weekdays\Project_7AM_MWF\WebApp\Client\app\services\globalconfig.js.map
F:\Code\Weekdays\Project_7AM_MWF\WebApp\Client\app\models\product.js
F:\Code\Weekdays\Project_7AM_MWF\WebApp\Client\app\models\product.js.map
F:\Code\Weekdays\Project_7AM_MWF\WebApp\Client\app\services\store.js
F:\Code\Weekdays\Project_7AM_MWF\WebApp\Client\app\services\store.js.map
F:\Code\Weekdays\Project_7AM_MWF\WebApp\Client\app\models\cartItem.js
F:\Code\Weekdays\Project_7AM_MWF\WebApp\Client\app\models\cartItem.js.map
F:\Code\Weekdays\Project_7AM_MWF\WebApp\Client\app\models\cart.js
F:\Code\Weekdays\Project_7AM_MWF\WebApp\Client\app\models\cart.js.map
F:\Code\Weekdays\Project_7AM_MWF\WebApp\Client\app\store\store.component.js
F:\Code\Weekdays\Project_7AM_MWF\WebApp\Client\app\store\store.component.js.map
F:\Code\Weekdays\Project_7AM_MWF\WebApp\Client\app\cart\cart.component.js
F:\Code\Weekdays\Project_7AM_MWF\WebApp\Client\app\cart\cart.component.js.map
F:\Code\Weekdays\Project_7AM_MWF\WebApp\Client\app\app.routing.js
F:\Code\Weekdays\Project_7AM_MWF\WebApp\Client\app\app.routing.js.map
F:\Code\Weekdays\Project_7AM_MWF\WebApp\Client\app\menu\menu.component.js
F:\Code\Weekdays\Project_7AM_MWF\WebApp\Client\app\menu\menu.component.js.map
F:\Code\Weekdays\Project_7AM_MWF\WebApp\Client\app\app.module.js
F:\Code\Weekdays\Project_7AM_MWF\WebApp\Client\app\app.module.js.map
F:\Code\Weekdays\Project_7AM_MWF\WebApp\Client\main.js
F:\Code\Weekdays\Project_7AM_MWF\WebApp\Client\main.js.map
F:\Code\Weekdays\Project_7AM_MWF\WebApp\Client\app\app.component.js
F:\Code\Weekdays\Project_7AM_MWF\WebApp\Client\app\app.component.js.map
F:\Code\Weekdays\Project_7AM_MWF\WebApp\Client\app\services\globalconfig.js
F:\Code\Weekdays\Project_7AM_MWF\WebApp\Client\app\services\globalconfig.js.map
F:\Code\Weekdays\Project_7AM_MWF\WebApp\Client\app\models\product.js
F:\Code\Weekdays\Project_7AM_MWF\WebApp\Client\app\models\product.js.map
F:\Code\Weekdays\Project_7AM_MWF\WebApp\Client\app\services\store.js
F:\Code\Weekdays\Project_7AM_MWF\WebApp\Client\app\services\store.js.map
F:\Code\Weekdays\Project_7AM_MWF\WebApp\Client\app\models\cartItem.js
F:\Code\Weekdays\Project_7AM_MWF\WebApp\Client\app\models\cartItem.js.map
F:\Code\Weekdays\Project_7AM_MWF\WebApp\Client\app\models\cart.js
F:\Code\Weekdays\Project_7AM_MWF\WebApp\Client\app\models\cart.js.map
F:\Code\Weekdays\Project_7AM_MWF\WebApp\Client\app\store\store.component.js
F:\Code\Weekdays\Project_7AM_MWF\WebApp\Client\app\store\store.component.js.map
F:\Code\Weekdays\Project_7AM_MWF\WebApp\Client\app\cart\cart.component.js
F:\Code\Weekdays\Project_7AM_MWF\WebApp\Client\app\cart\cart.component.js.map
F:\Code\Weekdays\Project_7AM_MWF\WebApp\Client\app\app.routing.js
F:\Code\Weekdays\Project_7AM_MWF\WebApp\Client\app\app.routing.js.map
F:\Code\Weekdays\Project_7AM_MWF\WebApp\Client\app\menu\menu.component.js
F:\Code\Weekdays\Project_7AM_MWF\WebApp\Client\app\menu\menu.component.js.map
F:\Code\Weekdays\Project_7AM_MWF\WebApp\Client\app\app.module.js
F:\Code\Weekdays\Project_7AM_MWF\WebApp\Client\app\app.module.js.map
F:\Code\Weekdays\Project_7AM_MWF\WebApp\Client\main.js
F:\Code\Weekdays\Project_7AM_MWF\WebApp\Client\main.js.map
